app/build/intermediates/manifest_merge_blame_file/debug/manifest-merger-blame-debug-report.txt
1<?xml version="1.0" encoding="utf-8"?>
2<manifest xmlns:android="http://schemas.android.com/apk/res/android"
3    package="com.example.code4covid_404notfound"
4    android:versionCode="1"
5    android:versionName="1.0" >
6
7    <uses-sdk
8        android:minSdkVersion="16"
8-->src\main\AndroidManifest.xml
9        android:targetSdkVersion="30" />
9-->src\main\AndroidManifest.xml
10
11    <!-- Allow Internet Permission -->
12    <uses-permission android:name="android.permission.INTERNET" />
12-->src\main\AndroidManifest.xml:6:5-67
12-->src\main\AndroidManifest.xml:6:22-64
13    <uses-permission android:name="android.permission.NETWORK_STATE" />
13-->src\main\AndroidManifest.xml:7:5-72
13-->src\main\AndroidManifest.xml:7:22-69
14
15    <!-- Although the *SdkVersion is captured in gradle build files, this is required for non gradle builds -->
16    <!-- <uses-sdk android:minSdkVersion="14"/> -->
17    <uses-permission android:name="android.permission.ACCESS_NETWORK_STATE" />
17-->[com.google.firebase:firebase-database:20.0.0] AndroidManifest.xml:25:5-79
17-->[com.google.firebase:firebase-database:20.0.0] AndroidManifest.xml:25:22-76
18    <uses-permission android:name="android.permission.WAKE_LOCK" />
18-->[com.google.android.gms:play-services-measurement-api:19.0.0] AndroidManifest.xml:24:5-68
18-->[com.google.android.gms:play-services-measurement-api:19.0.0] AndroidManifest.xml:24:22-65
19    <uses-permission android:name="com.google.android.finsky.permission.BIND_GET_INSTALL_REFERRER_SERVICE" />
19-->[com.google.android.gms:play-services-measurement:19.0.0] AndroidManifest.xml:26:5-110
19-->[com.google.android.gms:play-services-measurement:19.0.0] AndroidManifest.xml:26:22-107
20
21    <application
21-->src\main\AndroidManifest.xml:9:5-30:19
22        android:name="androidx.multidex.MultiDexApplication"
23        android:allowBackup="true"
23-->src\main\AndroidManifest.xml:10:9-35
24        android:appComponentFactory="androidx.core.app.CoreComponentFactory"
24-->[androidx.core:core:1.5.0] AndroidManifest.xml:24:18-86
25        android:debuggable="true"
26        android:icon="@mipmap/ic_launcher"
26-->src\main\AndroidManifest.xml:11:9-43
27        android:label="@string/app_name"
27-->src\main\AndroidManifest.xml:12:9-41
28        android:roundIcon="@mipmap/ic_launcher_round"
28-->src\main\AndroidManifest.xml:13:9-54
29        android:supportsRtl="true"
29-->src\main\AndroidManifest.xml:14:9-35
30        android:testOnly="true"
31        android:theme="@style/Theme.Code4Covid_404NOTFOUND" >
31-->src\main\AndroidManifest.xml:15:9-60
32        <activity android:name="com.example.code4covid_404notfound.SplashActivity" >
32-->src\main\AndroidManifest.xml:16:9-22:20
32-->src\main\AndroidManifest.xml:16:19-49
33            <intent-filter>
33-->src\main\AndroidManifest.xml:17:13-21:29
34                <action android:name="android.intent.action.MAIN" />
34-->src\main\AndroidManifest.xml:18:17-69
34-->src\main\AndroidManifest.xml:18:25-66
35
36                <category android:name="android.intent.category.LAUNCHER" />
36-->src\main\AndroidManifest.xml:20:17-77
36-->src\main\AndroidManifest.xml:20:27-74
37            </intent-filter>
38        </activity>
39        <activity android:name="com.example.code4covid_404notfound.MainActivity" >
39-->src\main\AndroidManifest.xml:23:9-29:20
39-->src\main\AndroidManifest.xml:23:19-47
40
41            <!-- <intent-filter> -->
42            <!-- <action android:name="android.intent.action.MAIN" /> -->
43
44
45            <!-- <category android:name="android.intent.category.LAUNCHER" /> -->
46            <!-- </intent-filter> -->
47        </activity>
48
49        <service
49-->[com.google.firebase:firebase-database:20.0.0] AndroidManifest.xml:29:9-35:19
50            android:name="com.google.firebase.components.ComponentDiscoveryService"
50-->[com.google.firebase:firebase-database:20.0.0] AndroidManifest.xml:30:13-84
51            android:directBootAware="true"
51-->[com.google.firebase:firebase-common:20.0.0] AndroidManifest.xml:35:13-43
52            android:exported="false" >
52-->[com.google.firebase:firebase-database:20.0.0] AndroidManifest.xml:31:13-37
53            <meta-data
53-->[com.google.firebase:firebase-database:20.0.0] AndroidManifest.xml:32:13-34:85
54                android:name="com.google.firebase.components:com.google.firebase.database.DatabaseRegistrar"
54-->[com.google.firebase:firebase-database:20.0.0] AndroidManifest.xml:33:17-109
55                android:value="com.google.firebase.components.ComponentRegistrar" />
55-->[com.google.firebase:firebase-database:20.0.0] AndroidManifest.xml:34:17-82
56            <meta-data
56-->[com.google.firebase:firebase-firestore:23.0.1] AndroidManifest.xml:20:13-22:85
57                android:name="com.google.firebase.components:com.google.firebase.firestore.FirestoreRegistrar"
57-->[com.google.firebase:firebase-firestore:23.0.1] AndroidManifest.xml:21:17-111
58                android:value="com.google.firebase.components.ComponentRegistrar" />
58-->[com.google.firebase:firebase-firestore:23.0.1] AndroidManifest.xml:22:17-82
59            <meta-data
59-->[com.google.firebase:firebase-auth:21.0.1] AndroidManifest.xml:77:13-79:85
60                android:name="com.google.firebase.components:com.google.firebase.auth.FirebaseAuthRegistrar"
60-->[com.google.firebase:firebase-auth:21.0.1] AndroidManifest.xml:78:17-109
61                android:value="com.google.firebase.components.ComponentRegistrar" />
61-->[com.google.firebase:firebase-auth:21.0.1] AndroidManifest.xml:79:17-82
62            <meta-data
62-->[com.google.android.gms:play-services-measurement-api:19.0.0] AndroidManifest.xml:30:13-32:85
63                android:name="com.google.firebase.components:com.google.firebase.analytics.connector.internal.AnalyticsConnectorRegistrar"
63-->[com.google.android.gms:play-services-measurement-api:19.0.0] AndroidManifest.xml:31:17-139
64                android:value="com.google.firebase.components.ComponentRegistrar" />
64-->[com.google.android.gms:play-services-measurement-api:19.0.0] AndroidManifest.xml:32:17-82
65            <meta-data
65-->[com.google.firebase:firebase-installations:17.0.0] AndroidManifest.xml:18:13-20:85
66                android:name="com.google.firebase.components:com.google.firebase.installations.FirebaseInstallationsRegistrar"
66-->[com.google.firebase:firebase-installations:17.0.0] AndroidManifest.xml:19:17-127
67                android:value="com.google.firebase.components.ComponentRegistrar" />
67-->[com.google.firebase:firebase-installations:17.0.0] AndroidManifest.xml:20:17-82
68        </service>
69
70        <activity
70-->[com.google.android.gms:play-services-auth:19.0.0] AndroidManifest.xml:23:9-27:75
71            android:name="com.google.android.gms.auth.api.signin.internal.SignInHubActivity"
71-->[com.google.android.gms:play-services-auth:19.0.0] AndroidManifest.xml:24:13-93
72            android:excludeFromRecents="true"
72-->[com.google.android.gms:play-services-auth:19.0.0] AndroidManifest.xml:25:13-46
73            android:exported="false"
73-->[com.google.android.gms:play-services-auth:19.0.0] AndroidManifest.xml:26:13-37
74            android:theme="@android:style/Theme.Translucent.NoTitleBar" />
74-->[com.google.android.gms:play-services-auth:19.0.0] AndroidManifest.xml:27:13-72
75        <!--
76            Service handling Google Sign-In user revocation. For apps that do not integrate with
77            Google Sign-In, this service will never be started.
78        -->
79        <service
79-->[com.google.android.gms:play-services-auth:19.0.0] AndroidManifest.xml:33:9-37:51
80            android:name="com.google.android.gms.auth.api.signin.RevocationBoundService"
80-->[com.google.android.gms:play-services-auth:19.0.0] AndroidManifest.xml:34:13-89
81            android:exported="true"
81-->[com.google.android.gms:play-services-auth:19.0.0] AndroidManifest.xml:35:13-36
82            android:permission="com.google.android.gms.auth.api.signin.permission.REVOCATION_NOTIFICATION"
82-->[com.google.android.gms:play-services-auth:19.0.0] AndroidManifest.xml:36:13-107
83            android:visibleToInstantApps="true" />
83-->[com.google.android.gms:play-services-auth:19.0.0] AndroidManifest.xml:37:13-48
84
85        <activity
85-->[com.google.firebase:firebase-auth:21.0.1] AndroidManifest.xml:27:9-44:20
86            android:name="com.google.firebase.auth.internal.GenericIdpActivity"
86-->[com.google.firebase:firebase-auth:21.0.1] AndroidManifest.xml:28:13-80
87            android:excludeFromRecents="true"
87-->[com.google.firebase:firebase-auth:21.0.1] AndroidManifest.xml:29:13-46
88            android:exported="true"
88-->[com.google.firebase:firebase-auth:21.0.1] AndroidManifest.xml:30:13-36
89            android:launchMode="singleTask"
89-->[com.google.firebase:firebase-auth:21.0.1] AndroidManifest.xml:31:13-44
90            android:theme="@android:style/Theme.Translucent.NoTitleBar" >
90-->[com.google.firebase:firebase-auth:21.0.1] AndroidManifest.xml:32:13-72
91            <intent-filter>
91-->[com.google.firebase:firebase-auth:21.0.1] AndroidManifest.xml:33:13-43:29
92                <action android:name="android.intent.action.VIEW" />
92-->[com.google.firebase:firebase-auth:21.0.1] AndroidManifest.xml:34:17-69
92-->[com.google.firebase:firebase-auth:21.0.1] AndroidManifest.xml:34:25-66
93
94                <category android:name="android.intent.category.DEFAULT" />
94-->[com.google.firebase:firebase-auth:21.0.1] AndroidManifest.xml:36:17-76
94-->[com.google.firebase:firebase-auth:21.0.1] AndroidManifest.xml:36:27-73
95                <category android:name="android.intent.category.BROWSABLE" />
95-->[com.google.firebase:firebase-auth:21.0.1] AndroidManifest.xml:37:17-78
95-->[com.google.firebase:firebase-auth:21.0.1] AndroidManifest.xml:37:27-75
96
97                <data
97-->[com.google.firebase:firebase-auth:21.0.1] AndroidManifest.xml:39:17-42:51
98                    android:host="firebase.auth"
98-->[com.google.firebase:firebase-auth:21.0.1] AndroidManifest.xml:40:21-49
99                    android:path="/"
99-->[com.google.firebase:firebase-auth:21.0.1] AndroidManifest.xml:41:21-37
100                    android:scheme="genericidp" />
100-->[com.google.firebase:firebase-auth:21.0.1] AndroidManifest.xml:42:21-48
101            </intent-filter>
102        </activity>
103        <activity
103-->[com.google.firebase:firebase-auth:21.0.1] AndroidManifest.xml:45:9-62:20
104            android:name="com.google.firebase.auth.internal.RecaptchaActivity"
104-->[com.google.firebase:firebase-auth:21.0.1] AndroidManifest.xml:46:13-79
105            android:excludeFromRecents="true"
105-->[com.google.firebase:firebase-auth:21.0.1] AndroidManifest.xml:47:13-46
106            android:exported="true"
106-->[com.google.firebase:firebase-auth:21.0.1] AndroidManifest.xml:48:13-36
107            android:launchMode="singleTask"
107-->[com.google.firebase:firebase-auth:21.0.1] AndroidManifest.xml:49:13-44
108            android:theme="@android:style/Theme.Translucent.NoTitleBar" >
108-->[com.google.firebase:firebase-auth:21.0.1] AndroidManifest.xml:50:13-72
109            <intent-filter>
109-->[com.google.firebase:firebase-auth:21.0.1] AndroidManifest.xml:51:13-61:29
110                <action android:name="android.intent.action.VIEW" />
110-->[com.google.firebase:firebase-auth:21.0.1] AndroidManifest.xml:34:17-69
110-->[com.google.firebase:firebase-auth:21.0.1] AndroidManifest.xml:34:25-66
111
112                <category android:name="android.intent.category.DEFAULT" />
112-->[com.google.firebase:firebase-auth:21.0.1] AndroidManifest.xml:36:17-76
112-->[com.google.firebase:firebase-auth:21.0.1] AndroidManifest.xml:36:27-73
113                <category android:name="android.intent.category.BROWSABLE" />
113-->[com.google.firebase:firebase-auth:21.0.1] AndroidManifest.xml:37:17-78
113-->[com.google.firebase:firebase-auth:21.0.1] AndroidManifest.xml:37:27-75
114
115                <data
115-->[com.google.firebase:firebase-auth:21.0.1] AndroidManifest.xml:39:17-42:51
116                    android:host="firebase.auth"
116-->[com.google.firebase:firebase-auth:21.0.1] AndroidManifest.xml:40:21-49
117                    android:path="/"
117-->[com.google.firebase:firebase-auth:21.0.1] AndroidManifest.xml:41:21-37
118                    android:scheme="recaptcha" />
118-->[com.google.firebase:firebase-auth:21.0.1] AndroidManifest.xml:42:21-48
119            </intent-filter>
120        </activity>
121
122        <service
122-->[com.google.firebase:firebase-auth:21.0.1] AndroidManifest.xml:64:9-73:19
123            android:name="com.google.firebase.auth.api.fallback.service.FirebaseAuthFallbackService"
123-->[com.google.firebase:firebase-auth:21.0.1] AndroidManifest.xml:65:13-101
124            android:enabled="true"
124-->[com.google.firebase:firebase-auth:21.0.1] AndroidManifest.xml:66:13-35
125            android:exported="false" >
125-->[com.google.firebase:firebase-auth:21.0.1] AndroidManifest.xml:67:13-37
126            <intent-filter>
126-->[com.google.firebase:firebase-auth:21.0.1] AndroidManifest.xml:68:13-72:29
127                <action android:name="com.google.firebase.auth.api.gms.service.START" />
127-->[com.google.firebase:firebase-auth:21.0.1] AndroidManifest.xml:69:17-89
127-->[com.google.firebase:firebase-auth:21.0.1] AndroidManifest.xml:69:25-86
128
129                <category android:name="android.intent.category.DEFAULT" />
129-->[com.google.firebase:firebase-auth:21.0.1] AndroidManifest.xml:36:17-76
129-->[com.google.firebase:firebase-auth:21.0.1] AndroidManifest.xml:36:27-73
130            </intent-filter>
131        </service>
132
133        <activity
133-->[com.google.android.gms:play-services-base:17.1.0] AndroidManifest.xml:23:9-26:75
134            android:name="com.google.android.gms.common.api.GoogleApiActivity"
134-->[com.google.android.gms:play-services-base:17.1.0] AndroidManifest.xml:24:13-79
135            android:exported="false"
135-->[com.google.android.gms:play-services-base:17.1.0] AndroidManifest.xml:25:13-37
136            android:theme="@android:style/Theme.Translucent.NoTitleBar" />
136-->[com.google.android.gms:play-services-base:17.1.0] AndroidManifest.xml:26:13-72
137
138        <provider
138-->[com.google.firebase:firebase-common:20.0.0] AndroidManifest.xml:26:9-31:39
139            android:name="com.google.firebase.provider.FirebaseInitProvider"
139-->[com.google.firebase:firebase-common:20.0.0] AndroidManifest.xml:27:13-77
140            android:authorities="com.example.code4covid_404notfound.firebaseinitprovider"
140-->[com.google.firebase:firebase-common:20.0.0] AndroidManifest.xml:28:13-72
141            android:directBootAware="true"
141-->[com.google.firebase:firebase-common:20.0.0] AndroidManifest.xml:29:13-43
142            android:exported="false"
142-->[com.google.firebase:firebase-common:20.0.0] AndroidManifest.xml:30:13-37
143            android:initOrder="100" />
143-->[com.google.firebase:firebase-common:20.0.0] AndroidManifest.xml:31:13-36
144
145        <receiver
145-->[com.google.android.gms:play-services-measurement:19.0.0] AndroidManifest.xml:29:9-33:20
146            android:name="com.google.android.gms.measurement.AppMeasurementReceiver"
146-->[com.google.android.gms:play-services-measurement:19.0.0] AndroidManifest.xml:30:13-85
147            android:enabled="true"
147-->[com.google.android.gms:play-services-measurement:19.0.0] AndroidManifest.xml:31:13-35
148            android:exported="false" >
148-->[com.google.android.gms:play-services-measurement:19.0.0] AndroidManifest.xml:32:13-37
149        </receiver>
150
151        <service
151-->[com.google.android.gms:play-services-measurement:19.0.0] AndroidManifest.xml:35:9-38:40
152            android:name="com.google.android.gms.measurement.AppMeasurementService"
152-->[com.google.android.gms:play-services-measurement:19.0.0] AndroidManifest.xml:36:13-84
153            android:enabled="true"
153-->[com.google.android.gms:play-services-measurement:19.0.0] AndroidManifest.xml:37:13-35
154            android:exported="false" />
154-->[com.google.android.gms:play-services-measurement:19.0.0] AndroidManifest.xml:38:13-37
155        <service
155-->[com.google.android.gms:play-services-measurement:19.0.0] AndroidManifest.xml:39:9-43:72
156            android:name="com.google.android.gms.measurement.AppMeasurementJobService"
156-->[com.google.android.gms:play-services-measurement:19.0.0] AndroidManifest.xml:40:13-87
157            android:enabled="true"
157-->[com.google.android.gms:play-services-measurement:19.0.0] AndroidManifest.xml:41:13-35
158            android:exported="false"
158-->[com.google.android.gms:play-services-measurement:19.0.0] AndroidManifest.xml:42:13-37
159            android:permission="android.permission.BIND_JOB_SERVICE" />
159-->[com.google.android.gms:play-services-measurement:19.0.0] AndroidManifest.xml:43:13-69
160
161        <meta-data
161-->[com.google.android.gms:play-services-basement:17.1.1] AndroidManifest.xml:23:9-25:69
162            android:name="com.google.android.gms.version"
162-->[com.google.android.gms:play-services-basement:17.1.1] AndroidManifest.xml:24:13-58
163            android:value="@integer/google_play_services_version" />
163-->[com.google.android.gms:play-services-basement:17.1.1] AndroidManifest.xml:25:13-66
164    </application>
165
166</manifest>